This file contains any messages produced by compilers while
running configure, to aid debugging if configure makes a mistake.

It was created by RtMidi configure 2.1.0, which was
generated by GNU Autoconf 2.69.  Invocation command line was

  $ ./configure 

## --------- ##
## Platform. ##
## --------- ##

hostname = baco
uname -m = x86_64
uname -r = 14.3.0
uname -s = Darwin
uname -v = Darwin Kernel Version 14.3.0: Mon Mar 23 11:59:05 PDT 2015; root:xnu-2782.20.48~5/RELEASE_X86_64

/usr/bin/uname -p = i386
/bin/uname -X     = unknown

/bin/arch              = unknown
/usr/bin/arch -k       = unknown
/usr/convex/getsysinfo = unknown
/usr/bin/hostinfo      = Mach kernel version:
	 Darwin Kernel Version 14.3.0: Mon Mar 23 11:59:05 PDT 2015; root:xnu-2782.20.48~5/RELEASE_X86_64
Kernel configured for up to 8 processors.
4 processors are physically available.
8 processors are logically available.
Processor type: i486 (Intel 80486)
Processors active: 0 1 2 3 4 5 6 7
Primary memory available: 16.00 gigabytes
Default processor set: 260 tasks, 1309 threads, 8 processors
Load average: 1.96, Mach factor: 6.03
/bin/machine           = unknown
/usr/bin/oslevel       = unknown
/bin/universe          = unknown

PATH: /usr/local/bin
PATH: /usr/local/sbin
PATH: /Users/fserb/bin
PATH: /usr/local/bin
PATH: /usr/bin
PATH: /bin
PATH: /usr/sbin
PATH: /sbin
PATH: /opt/X11/bin
PATH: /usr/texbin


## ----------- ##
## Core tests. ##
## ----------- ##

configure:2205: checking for g++
configure:2221: found /usr/bin/g++
configure:2232: result: g++
configure:2259: checking for C++ compiler version
configure:2268: g++ --version >&5
Apple LLVM version 6.0 (clang-600.0.54) (based on LLVM 3.5svn)
Target: x86_64-apple-darwin14.3.0
Thread model: posix
Configured with: --prefix=/Applications/Xcode.app/Contents/Developer/usr --with-gxx-include-dir=/usr/include/c++/4.2.1
configure:2279: $? = 0
configure:2268: g++ -v >&5
Configured with: --prefix=/Applications/Xcode.app/Contents/Developer/usr --with-gxx-include-dir=/usr/include/c++/4.2.1
Apple LLVM version 6.0 (clang-600.0.54) (based on LLVM 3.5svn)
Target: x86_64-apple-darwin14.3.0
Thread model: posix
configure:2279: $? = 0
configure:2268: g++ -V >&5
clang: error: argument to '-V' is missing (expected 1 value)
clang: error: no input files
configure:2279: $? = 1
configure:2268: g++ -qversion >&5
clang: error: unknown argument: '-qversion'
clang: error: no input files
configure:2279: $? = 1
configure:2299: checking whether the C++ compiler works
configure:2321: g++    conftest.cpp  >&5
configure:2325: $? = 0
configure:2373: result: yes
configure:2376: checking for C++ compiler default output file name
configure:2378: result: a.out
configure:2384: checking for suffix of executables
configure:2391: g++ -o conftest    conftest.cpp  >&5
configure:2395: $? = 0
configure:2417: result: 
configure:2439: checking whether we are cross compiling
configure:2447: g++ -o conftest    conftest.cpp  >&5
configure:2451: $? = 0
configure:2458: ./conftest
configure:2462: $? = 0
configure:2477: result: no
configure:2482: checking for suffix of object files
configure:2504: g++ -c   conftest.cpp >&5
configure:2508: $? = 0
configure:2529: result: o
configure:2533: checking whether we are using the GNU C++ compiler
configure:2552: g++ -c   conftest.cpp >&5
configure:2552: $? = 0
configure:2561: result: yes
configure:2570: checking whether g++ accepts -g
configure:2590: g++ -c -g  conftest.cpp >&5
configure:2590: $? = 0
configure:2631: result: yes
configure:2697: checking for ranlib
configure:2713: found /usr/bin/ranlib
configure:2724: result: ranlib
configure:2748: checking for ar
configure:2766: found /usr/bin/ar
configure:2779: result: /usr/bin/ar
configure:2840: checking for gcc
configure:2856: found /usr/bin/gcc
configure:2867: result: gcc
configure:3096: checking for C compiler version
configure:3105: gcc --version >&5
Apple LLVM version 6.0 (clang-600.0.54) (based on LLVM 3.5svn)
Target: x86_64-apple-darwin14.3.0
Thread model: posix
Configured with: --prefix=/Applications/Xcode.app/Contents/Developer/usr --with-gxx-include-dir=/usr/include/c++/4.2.1
configure:3116: $? = 0
configure:3105: gcc -v >&5
Configured with: --prefix=/Applications/Xcode.app/Contents/Developer/usr --with-gxx-include-dir=/usr/include/c++/4.2.1
Apple LLVM version 6.0 (clang-600.0.54) (based on LLVM 3.5svn)
Target: x86_64-apple-darwin14.3.0
Thread model: posix
configure:3116: $? = 0
configure:3105: gcc -V >&5
clang: error: argument to '-V' is missing (expected 1 value)
clang: error: no input files
configure:3116: $? = 1
configure:3105: gcc -qversion >&5
clang: error: unknown argument: '-qversion'
clang: error: no input files
configure:3116: $? = 1
configure:3120: checking whether we are using the GNU C compiler
configure:3139: gcc -c   conftest.c >&5
configure:3139: $? = 0
configure:3148: result: yes
configure:3157: checking whether gcc accepts -g
configure:3177: gcc -c -g  conftest.c >&5
configure:3177: $? = 0
configure:3218: result: yes
configure:3235: checking for gcc option to accept ISO C89
configure:3298: gcc  -c -g -O2  conftest.c >&5
configure:3298: $? = 0
configure:3311: result: none needed
configure:3337: checking how to run the C preprocessor
configure:3368: gcc -E  conftest.c
configure:3368: $? = 0
configure:3382: gcc -E  conftest.c
conftest.c:9:10: fatal error: 'ac_nonexistent.h' file not found
#include <ac_nonexistent.h>
         ^
1 error generated.
configure:3382: $? = 1
configure: failed program was:
| /* confdefs.h */
| #define PACKAGE_NAME "RtMidi"
| #define PACKAGE_TARNAME "rtmidi"
| #define PACKAGE_VERSION "2.1.0"
| #define PACKAGE_STRING "RtMidi 2.1.0"
| #define PACKAGE_BUGREPORT "gary@music.mcgill.ca"
| #define PACKAGE_URL ""
| /* end confdefs.h.  */
| #include <ac_nonexistent.h>
configure:3407: result: gcc -E
configure:3427: gcc -E  conftest.c
configure:3427: $? = 0
configure:3441: gcc -E  conftest.c
conftest.c:9:10: fatal error: 'ac_nonexistent.h' file not found
#include <ac_nonexistent.h>
         ^
1 error generated.
configure:3441: $? = 1
configure: failed program was:
| /* confdefs.h */
| #define PACKAGE_NAME "RtMidi"
| #define PACKAGE_TARNAME "rtmidi"
| #define PACKAGE_VERSION "2.1.0"
| #define PACKAGE_STRING "RtMidi 2.1.0"
| #define PACKAGE_BUGREPORT "gary@music.mcgill.ca"
| #define PACKAGE_URL ""
| /* end confdefs.h.  */
| #include <ac_nonexistent.h>
configure:3470: checking for grep that handles long lines and -e
configure:3528: result: /usr/bin/grep
configure:3533: checking for egrep
configure:3595: result: /usr/bin/grep -E
configure:3600: checking for ANSI C header files
configure:3620: gcc -c -g -O2  conftest.c >&5
configure:3620: $? = 0
configure:3693: gcc -o conftest -g -O2   conftest.c  >&5
configure:3693: $? = 0
configure:3693: ./conftest
configure:3693: $? = 0
configure:3704: result: yes
configure:3715: checking whether to compile debug version
configure:3728: result: no
configure:3759: checking build system type
configure:3773: result: i386-apple-darwin14.3.0
configure:3793: checking host system type
configure:3806: result: i386-apple-darwin14.3.0
configure:3847: checking for MIDI API
configure:4136: checking for sys/types.h
configure:4136: gcc -c -g -O2   conftest.c >&5
configure:4136: $? = 0
configure:4136: result: yes
configure:4136: checking for sys/stat.h
configure:4136: gcc -c -g -O2   conftest.c >&5
configure:4136: $? = 0
configure:4136: result: yes
configure:4136: checking for stdlib.h
configure:4136: gcc -c -g -O2   conftest.c >&5
configure:4136: $? = 0
configure:4136: result: yes
configure:4136: checking for string.h
configure:4136: gcc -c -g -O2   conftest.c >&5
configure:4136: $? = 0
configure:4136: result: yes
configure:4136: checking for memory.h
configure:4136: gcc -c -g -O2   conftest.c >&5
configure:4136: $? = 0
configure:4136: result: yes
configure:4136: checking for strings.h
configure:4136: gcc -c -g -O2   conftest.c >&5
configure:4136: $? = 0
configure:4136: result: yes
configure:4136: checking for inttypes.h
configure:4136: gcc -c -g -O2   conftest.c >&5
configure:4136: $? = 0
configure:4136: result: yes
configure:4136: checking for stdint.h
configure:4136: gcc -c -g -O2   conftest.c >&5
configure:4136: $? = 0
configure:4136: result: yes
configure:4136: checking for unistd.h
configure:4136: gcc -c -g -O2   conftest.c >&5
configure:4136: $? = 0
configure:4136: result: yes
configure:4171: result: using CoreMidi
configure:4173: checking CoreMIDI/CoreMIDI.h usability
configure:4173: gcc -c -g -O2   conftest.c >&5
configure:4173: $? = 0
configure:4173: result: yes
configure:4173: checking CoreMIDI/CoreMIDI.h presence
configure:4173: gcc -E   conftest.c
configure:4173: $? = 0
configure:4173: result: yes
configure:4173: checking for CoreMIDI/CoreMIDI.h
configure:4173: result: yes
configure:4385: creating ./config.status

## ---------------------- ##
## Running config.status. ##
## ---------------------- ##

This file was extended by RtMidi config.status 2.1.0, which was
generated by GNU Autoconf 2.69.  Invocation command line was

  CONFIG_FILES    = 
  CONFIG_HEADERS  = 
  CONFIG_LINKS    = 
  CONFIG_COMMANDS = 
  $ ./config.status 

on baco

config.status:748: creating rtmidi-config
config.status:748: creating librtmidi.pc
config.status:748: creating Makefile
config.status:748: creating tests/Makefile

## ---------------- ##
## Cache variables. ##
## ---------------- ##

ac_cv_build=i386-apple-darwin14.3.0
ac_cv_c_compiler_gnu=yes
ac_cv_cxx_compiler_gnu=yes
ac_cv_env_CCC_set=
ac_cv_env_CCC_value=
ac_cv_env_CC_set=
ac_cv_env_CC_value=
ac_cv_env_CFLAGS_set=
ac_cv_env_CFLAGS_value=
ac_cv_env_CPPFLAGS_set=
ac_cv_env_CPPFLAGS_value=
ac_cv_env_CPP_set=
ac_cv_env_CPP_value=
ac_cv_env_CXXFLAGS_set=
ac_cv_env_CXXFLAGS_value=
ac_cv_env_CXX_set=
ac_cv_env_CXX_value=
ac_cv_env_LDFLAGS_set=
ac_cv_env_LDFLAGS_value=
ac_cv_env_LIBS_set=
ac_cv_env_LIBS_value=
ac_cv_env_build_alias_set=
ac_cv_env_build_alias_value=
ac_cv_env_host_alias_set=
ac_cv_env_host_alias_value=
ac_cv_env_target_alias_set=
ac_cv_env_target_alias_value=
ac_cv_header_CoreMIDI_CoreMIDI_h=yes
ac_cv_header_inttypes_h=yes
ac_cv_header_memory_h=yes
ac_cv_header_stdc=yes
ac_cv_header_stdint_h=yes
ac_cv_header_stdlib_h=yes
ac_cv_header_string_h=yes
ac_cv_header_strings_h=yes
ac_cv_header_sys_stat_h=yes
ac_cv_header_sys_types_h=yes
ac_cv_header_unistd_h=yes
ac_cv_host=i386-apple-darwin14.3.0
ac_cv_objext=o
ac_cv_path_AR=/usr/bin/ar
ac_cv_path_EGREP='/usr/bin/grep -E'
ac_cv_path_GREP=/usr/bin/grep
ac_cv_prog_CPP='gcc -E'
ac_cv_prog_ac_ct_CC=gcc
ac_cv_prog_ac_ct_CXX=g++
ac_cv_prog_ac_ct_RANLIB=ranlib
ac_cv_prog_cc_c89=
ac_cv_prog_cc_g=yes
ac_cv_prog_cxx_g=yes

## ----------------- ##
## Output variables. ##
## ----------------- ##

AR='/usr/bin/ar'
CC='gcc'
CFLAGS='-g -O2'
CPP='gcc -E'
CPPFLAGS='  -D__MACOSX_CORE__'
CXX='g++'
CXXFLAGS='-O3 -Wall -Wextra'
DEFS='-DPACKAGE_NAME=\"RtMidi\" -DPACKAGE_TARNAME=\"rtmidi\" -DPACKAGE_VERSION=\"2.1.0\" -DPACKAGE_STRING=\"RtMidi\ 2.1.0\" -DPACKAGE_BUGREPORT=\"gary@music.mcgill.ca\" -DPACKAGE_URL=\"\" -DSTDC_HEADERS=1 -DHAVE_SYS_TYPES_H=1 -DHAVE_SYS_STAT_H=1 -DHAVE_STDLIB_H=1 -DHAVE_STRING_H=1 -DHAVE_MEMORY_H=1 -DHAVE_STRINGS_H=1 -DHAVE_INTTYPES_H=1 -DHAVE_STDINT_H=1 -DHAVE_UNISTD_H=1'
ECHO_C='\c'
ECHO_N=''
ECHO_T=''
EGREP='/usr/bin/grep -E'
EXEEXT=''
GREP='/usr/bin/grep'
GXX='yes'
LDFLAGS=''
LIBOBJS=''
LIBS='-framework CoreMIDI -framework CoreFoundation -framework CoreAudio'
LTLIBOBJS=''
OBJEXT='o'
PACKAGE_BUGREPORT='gary@music.mcgill.ca'
PACKAGE_NAME='RtMidi'
PACKAGE_STRING='RtMidi 2.1.0'
PACKAGE_TARNAME='rtmidi'
PACKAGE_URL=''
PACKAGE_VERSION='2.1.0'
PATH_SEPARATOR=':'
RANLIB='ranlib'
SHELL='/bin/sh'
ac_ct_CC='gcc'
ac_ct_CXX='g++'
api='-D__MACOSX_CORE__'
bindir='${exec_prefix}/bin'
build='i386-apple-darwin14.3.0'
build_alias=''
build_cpu='i386'
build_os='darwin14.3.0'
build_vendor='apple'
cppflag=''
cxxflag='-Wall -Wextra'
datadir='${datarootdir}'
datarootdir='${prefix}/share'
docdir='${datarootdir}/doc/${PACKAGE_TARNAME}'
dvidir='${docdir}'
exec_prefix='${prefix}'
host='i386-apple-darwin14.3.0'
host_alias=''
host_cpu='i386'
host_os='darwin14.3.0'
host_vendor='apple'
htmldir='${docdir}'
includedir='${prefix}/include'
infodir='${datarootdir}/info'
libdir='${exec_prefix}/lib'
libexecdir='${exec_prefix}/libexec'
libflags='-dynamiclib -o librtmidi.$(RELEASE).dylib'
localedir='${datarootdir}/locale'
localstatedir='${prefix}/var'
mandir='${datarootdir}/man'
object_path='Release'
oldincludedir='/usr/include'
pdfdir='${docdir}'
prefix='/usr/local'
program_transform_name='s,x,x,'
psdir='${docdir}'
req=''
sbindir='${exec_prefix}/sbin'
sharedlib='librtmidi.dylib'
sharedname='librtmidi.$(RELEASE).dylib'
sharedstatedir='${prefix}/com'
sysconfdir='${prefix}/etc'
target_alias=''

## ----------- ##
## confdefs.h. ##
## ----------- ##

/* confdefs.h */
#define PACKAGE_NAME "RtMidi"
#define PACKAGE_TARNAME "rtmidi"
#define PACKAGE_VERSION "2.1.0"
#define PACKAGE_STRING "RtMidi 2.1.0"
#define PACKAGE_BUGREPORT "gary@music.mcgill.ca"
#define PACKAGE_URL ""
#define STDC_HEADERS 1
#define HAVE_SYS_TYPES_H 1
#define HAVE_SYS_STAT_H 1
#define HAVE_STDLIB_H 1
#define HAVE_STRING_H 1
#define HAVE_MEMORY_H 1
#define HAVE_STRINGS_H 1
#define HAVE_INTTYPES_H 1
#define HAVE_STDINT_H 1
#define HAVE_UNISTD_H 1

configure: exit 0
